
ROM used:   996/8192 (12%)
            996/8192 (12%) including unused fragments

            1.1 Average locations per line
            33.2 Average locations per statement

RAM used:   35/368 (10%) at main() level
            61/368 (17%) worst case

Stack used: 0 worst case (0 in main + 0 for interrupts)
Stack size: 8

Lines Stmts  %   Files
----- ----- ---  -----
   82    30 100  main.c
  810     0   0  ..\..\..\..\..\..\..\Program Files (x86)\PICC\Devices\16F887.h
----- -----
  892    30 Total

Page ROM  %  RAM    Vol Diff  Functions:
---- --- --- ---    --- ----  ----------
0     23   2    1             @delay_ms1
0    213  21    0    330  3.1  MAIN
0     31   3    2    852  6.2  @ITOF
0    204  20   14    208  6.3  @DIVFF
0      6   1    0    354  4.7  @const730
0     91   9    5    236  3.5  @PSTRINGCN7_9600_62_63
 Inline        13    267  6.8  @MULFF
 Inline         5     98  1.7  @FTOSD
0     79   8   13     17  0.8  @DIV3232
0    345  35   13    415  5.8  @PRINTF_L32D_9600_62_63FPFPF
 Inline         0             @cinit1

Program metrics:
    Functions               9
    Statements              30
    Comments                137
    Volume (V)              4271
    Difficulty (D)          38.4
    Effort to implement (E) 163940
    Time to implement (T)   2 hours, 32 minutes
    Est Delivered Bugs (B)  1
    Cyclomatic Complexity   11
    Maintainability (MI)    107

 Segment     Used  Free
-----------  ----  ----
00000-00003     4  0  
00004-007FF   992  1052  
00800-00FFF     0  2048  
01000-017FF     0  2048  
01800-01FFF     0  2048  



