
ROM used:   574/8192 (7%)
            574/8192 (7%) including unused fragments

            0.4 Average locations per line
            4.6 Average locations per statement

RAM used:   56/368 (15%) at main() level
            70/368 (19%) worst case

Stack used: 3 worst case (3 in main + 0 for interrupts)
Stack size: 8

Lines Stmts  %   Files
----- ----- ---  -----
   57    25  20  main.c
   26     0   0  main.h
  810     0   0  ..\..\..\..\..\..\Program Files (x86)\PICC\Devices\16F887.h
  456   100  80  ..\..\..\..\..\..\Program Files (x86)\PICC\Drivers\LCD.c
----- -----
 1349   125 Total

Page ROM  %  RAM    Vol Diff  Functions:
---- --- --- ---    --- ----  ----------
0     21   4    1             @delay_ms1
 Inline         3    760  4.5  lcd_read_byte
0     49   9    2    262  3.7  lcd_read_nibble
0     51   9    1    399  2.4  lcd_send_nibble
0    121  21    3    415  3.7  lcd_send_byte
0     88  15    6    852  6.2  lcd_init
0     18   3    4    208  6.3  lcd_gotoxy
0     44   8    1    354  4.7  lcd_putc
0      8   1    0     17  0.8  blink_led
0      7   1    0             @const756
0     67  12    0    186  2.1  MAIN
0      7   1    0             @const770
0     86  15    4             @PSTRINGC7_733
0      3   1    0             @const775
 Inline         0             @cinit1

Program metrics:
    Functions               9
    Statements              125
    Comments                238
    Volume (V)              5273
    Difficulty (D)          33.7
    Effort to implement (E) 177758
    Time to implement (T)   2 hours, 45 minutes
    Est Delivered Bugs (B)  1
    Cyclomatic Complexity   8
    Maintainability (MI)    145

 Segment     Used  Free
-----------  ----  ----
00000-00003     4  0  
00004-007FF   570  1474  
00800-00FFF     0  2048  
01000-017FF     0  2048  
01800-01FFF     0  2048  



