
ROM used:   5127/8192 (63%)
            5336/8192 (65%) including unused fragments

            1.3 Average locations per line
            11.1 Average locations per statement

RAM used:   115/368 (31%) at main() level
            226/368 (61%) worst case

Stack used: 6 worst case (2 in main + 4 for interrupts)
Stack size: 8

Lines Stmts  %   Files
----- ----- ---  -----
  316   105  23  main.c
  810     0   0  ..\..\..\..\..\Program Files (x86)\PICC\Devices\16F887.h
 2228   258  56  ..\..\..\..\..\Program Files (x86)\PICC\Drivers\math.h
  456   100  22  ..\..\..\..\..\Program Files (x86)\PICC\Drivers\lcd.c
----- -----
 3810   463 Total

Page ROM  %  RAM    Vol Diff  Functions:
---- --- --- ---    --- ----  ----------
0     21   0    1             @delay_ms1
0     17   0    1             @delay_us1
 Inline        20   1121 10.1  CEIL_FLOOR
1     65   1   10             @FLT
0     33   1    4             @SFTOI
0     31   1    2             @ITOF
0    119   2   13             @MULFF
1    326   6   16             @ADDFF
1    495  10    4     44  1.9  ceil
0    204   4   14             @DIVFF
 Inline         3    760  4.5  lcd_read_byte
 Inline         2    262  3.7  lcd_read_nibble
 Inline         1    399  2.4  lcd_send_nibble
0    294   6    3    415  3.7  lcd_send_byte
1    194   4    6    852  6.2  lcd_init
 Inline         4    208  6.3  lcd_gotoxy
0     90   2    1    354  4.7  lcd_putc
 Inline         5    343  5.0  read_target
 Inline         5    343  5.0  read_pos
 Inline         0    612  2.9  get_pid_gains
 Inline         6    234  5.3  move_servo
 Inline         5    343  5.0  @MUL1616
 Inline        24    167  5.5  map
 Inline        13   1005  6.8  pid_compute
0    286   6    0     31  1.1  led1
0    527  10    0    238  1.8  led3
0     33   1    5    592  6.7  @FTOSD
0     81   2   13     21  1.0  @DIV3232
0    289   6   13    238  1.8  @PRINTF_L32D_874FPFPF
2   1240  24    0    165  2.2  led4
1    270   5   14    145  1.6  @PRINTF_L32D_9600_62_63FPFPF
1    485   9    0    145  1.6  MAIN
0      6   0    0    165  2.2  @const954
 Inline         4    165  2.2  @PSTRINGC7_874
1      7   0    0    193  2.1  @const959
0     10   0    0    190  1.7  @const960
 Inline         0    344  2.7  @cinit1

Program metrics:
    Functions               29
    Statements              463
    Comments                510
    Volume (V)              18503
    Difficulty (D)          107.0
    Effort to implement (E) 1979527
    Time to implement (T)   30 hours, 33 minutes
    Est Delivered Bugs (B)  5
    Cyclomatic Complexity   30
    Maintainability (MI)    103

 Segment     Used  Free
-----------  ----  ----
00000-00003     4  0  
00004-007FF  2041  3  
00800-00FFF  1842  206  
01000-017FF  1240  808  
01800-01FFF     0  2048  



